turn -3
48 718 1293 66
turn -3
64 885 1044 63
forward 50
67 966 958 64
forward 50
82 1058 860 74
forward 50
92 1081 840 96
forward 50
115 1115 730 106
turn 3
110 992 868 116
forward 50
144 1062 829 134
forward 50
185 1111 805 178
forward 50
238 1145 744 258
turn 3
205 973 917 211
forward 50
301 60 877 324
forward 50
464 85 873 511
forward 50
862 157 823 947
forward 50
1974 431 985 1826
turn -90
turn 3
61 937 825 41
forward 50
39 554 1160 69
turn -3
56 748 1019 37
forward 50
41 508 1362 79
turn -3
53 721 1138 41
turn -3
62 930 948 42
forward 50
64 816 1082 53
turn -3
74 936 968 69
forward 50
74 857 1068 81
forward 50
98 772 1182 112
turn -3
114 901 1015 117
forward 50
142 878 1074 157
forward 50
183 449 1224 200
turn -3
212 809 1005 230
forward 50
333 68 880 384
forward 50
533 90 822 648
forward 50
1126 221 806 1297
forward 50
3048 870 1255 2934
turn -90
turn -3
40 817 1048 37
forward 50
46 701 1214 44
turn -3
53 841 1047 48
forward 50
56 784 1136 60
forward 50
74 820 1135 82
forward 50
92 839 1146 103
turn -3
116 988 948 94
forward 50
155 1126 839 136
turn 3
129 983 980 122
forward 50
176 962 1009 177
forward 50
253 953 947 243
forward 50
383 1079 871 437
forward 50
666 1202 778 764
turn 3
690 1034 938 704
forward 50
1555 1047 994 1552
forward 50
3360 1712 2308 3270
turn -90
