turn -3
46 807 1166 69
turn -3
62 980 920 53
forward 50
72 1020 897 65
forward 50
82 1019 906 88
forward 50
99 1066 849 101
forward 50
120 1106 737 106
turn 3
98 936 949 115
forward 50
147 985 895 141
forward 50
180 1023 870 182
forward 50
239 1072 814 258
forward 50
331 266 734 362
forward 50
487 78 732 561
forward 50
859 128 675 966
forward 50
1980 350 951 2003
turn -90
turn 3
85 1218 743 25
turn 3
81 883 867 49
forward 50
40 516 1213 96
turn -3
54 735 1037 41
forward 50
45 481 1431 88
turn -3
54 609 1260 46
turn -3
60 750 1110 29
turn -3
65 970 930 47
forward 50
60 810 1069 58
forward 50
69 728 1219 75
turn -3
89 871 1041 100
forward 50
103 797 1149 118
turn -3
126 932 961 130
forward 50
169 1000 929 174
forward 50
219 555 954 240
forward 50
310 82 1060 344
forward 50
557 147 1110 588
forward 50
1266 361 1146 1219
turn -3
1386 303 987 1464
forward 50
3333 1327 1846 3237
turn -90
turn -3
37 527 1492 58
turn -3
34 702 1232 36
turn -3
38 881 1022 49
forward 50
52 930 979 64
forward 50
73 939 978 75
forward 50
88 979 933 82
forward 50
110 1002 962 105
forward 50
146 1105 863 120
forward 50
194 1219 770 167
turn 3
166 1036 926 161
forward 50
219 944 891 226
forward 50
325 920 1048 346
forward 50
579 943 1022 632
forward 50
1281 976 1046 1305
forward 50
3284 1436 1678 3156
turn -90
