turn -3
53 851 1091 64
forward 50
56 777 1201 68
turn -3
65 870 1071 69
forward 50
75 893 1038 97
forward 50
84 923 979 114
forward 50
113 903 993 124
forward 50
147 975 916 150
forward 50
188 1017 878 194
forward 50
251 1080 793 272
turn 3
222 930 950 237
forward 50
337 63 944 367
forward 50
543 96 901 643
forward 50
1068 193 890 1128
forward 50
2568 580 1237 2313
turn -90
forward 50
37 563 1243 70
turn -3
53 740 1086 30
turn -3
61 961 911 29
forward 50
56 736 1130 38
turn -3
60 932 965 50
forward 50
69 870 1051 64
forward 50
85 850 1075 89
forward 50
105 816 1121 118
turn -3
127 1039 877 129
forward 50
165 1035 895 161
forward 50
217 1021 882 223
forward 50
308 73 912 339
forward 50
529 110 865 618
forward 50
1127 234 832 1288
forward 50
3157 960 1203 2937
turn -90
turn -3
37 733 1124 32
turn -3
35 941 940 32
forward 50
51 870 1024 47
forward 50
49 718 1225 50
turn -3
63 857 1051 65
forward 50
79 912 1013 76
forward 50
96 939 1016 97
forward 50
128 920 1048 132
forward 50
179 937 1019 177
forward 50
238 915 988 259
forward 50
381 974 984 427
forward 50
704 1066 868 808
turn 3
653 876 1113 674
forward 50
1579 1035 1257 1420
forward 50
3372 1892 2345 3192
turn -90
